<?xml version="1.0" encoding="UTF-8"?>
<!-- Generated by org.testng.reporters.JUnitReportReporter -->
<testsuite hostname="PRISM05" name="com.inv.Login.LoginTest" tests="1" failures="0" timestamp="15 May 2019 11:39:46 GMT" time="23.338" errors="0">
  <testcase name="Loginvalidation" time="23.338" classname="com.inv.Login.LoginTest"/>
</testsuite> <!-- com.inv.Login.LoginTest -->
