<?xml version="1.0" encoding="UTF-8"?>
<!-- Generated by org.testng.reporters.JUnitReportReporter -->
<testsuite hostname="PRISM05" name="com.inv.Login.LoginTest" tests="1" failures="0" timestamp="16 May 2019 11:28:37 GMT" time="15.492" errors="0">
  <testcase name="Loginvalidation" time="15.492" classname="com.inv.Login.LoginTest"/>
</testsuite> <!-- com.inv.Login.LoginTest -->
