<?xml version="1.0" encoding="UTF-8"?>
<!-- Generated by org.testng.reporters.JUnitReportReporter -->
<testsuite hostname="PRISM05" name="com.inv.Login.LoginTest" tests="1" failures="0" timestamp="17 May 2019 12:13:17 GMT" time="9.118" errors="0">
  <testcase name="Loginvalidation" time="9.118" classname="com.inv.Login.LoginTest"/>
</testsuite> <!-- com.inv.Login.LoginTest -->
