<?xml version="1.0" encoding="UTF-8"?>
<!-- Generated by org.testng.reporters.JUnitReportReporter -->
<testsuite skipped="0" hostname="PRISM05" name="com.inv.Login.Login" tests="1" failures="0" timestamp="15 May 2019 04:11:17 GMT" time="22.462" errors="0">
  <testcase name="Loginvalidation" time="22.462" classname="com.inv.Login.Login"/>
</testsuite> <!-- com.inv.Login.Login -->
