<?xml version="1.0" encoding="UTF-8"?>
<!-- Generated by org.testng.reporters.JUnitReportReporter -->
<testsuite hostname="PRISM05" name="com.inv.Login.LoginTest" tests="1" failures="0" timestamp="22 May 2019 09:29:55 GMT" time="10.237" errors="0">
  <testcase name="Loginvalidation" time="10.237" classname="com.inv.Login.LoginTest"/>
</testsuite> <!-- com.inv.Login.LoginTest -->
