<?xml version="1.0" encoding="UTF-8"?>
<!-- Generated by org.testng.reporters.JUnitReportReporter -->
<testsuite skipped="0" hostname="PRISM05" name="com.inv.Login.LoginTest" tests="1" failures="0" timestamp="15 May 2019 05:02:59 GMT" time="13.871" errors="0">
  <testcase name="Loginvalidation" time="13.871" classname="com.inv.Login.LoginTest"/>
</testsuite> <!-- com.inv.Login.LoginTest -->
